<?xml version="1.0" encoding="UTF-8"?>
<testng-results ignored="0" total="1" passed="1" failed="0" skipped="0">
  <reporter-output>
  </reporter-output>
  <suite started-at="2021-10-11T20:04:27 IST" name="InternetBankingV1" finished-at="2021-10-11T20:04:34 IST" duration-ms="6916">
    <groups>
    </groups>
    <test started-at="2021-10-11T20:04:27 IST" name="BankingApp Test" finished-at="2021-10-11T20:04:34 IST" duration-ms="6916">
      <class name="com.inetBanking.TestCases.TC_LoginTest_001">
        <test-method is-config="true" signature="setup(java.lang.String)[pri:0, instance:com.inetBanking.TestCases.TC_LoginTest_001@4df50bcc]" started-at="2021-10-11T20:04:27 IST" name="setup" finished-at="2021-10-11T20:04:32 IST" duration-ms="5258" status="PASS">
          <params>
            <param index="0">
              <value>
                <![CDATA[chrome]]>
              </value>
            </param>
          </params>
          <reporter-output>
          </reporter-output>
        </test-method> <!-- setup -->
        <test-method signature="loginTest()[pri:0, instance:com.inetBanking.TestCases.TC_LoginTest_001@4df50bcc]" started-at="2021-10-11T20:04:32 IST" name="loginTest" finished-at="2021-10-11T20:04:34 IST" duration-ms="1276" status="PASS">
          <reporter-output>
          </reporter-output>
        </test-method> <!-- loginTest -->
        <test-method is-config="true" signature="tearDown()[pri:0, instance:com.inetBanking.TestCases.TC_LoginTest_001@4df50bcc]" started-at="2021-10-11T20:04:34 IST" name="tearDown" finished-at="2021-10-11T20:04:34 IST" duration-ms="141" status="PASS">
          <reporter-output>
          </reporter-output>
        </test-method> <!-- tearDown -->
      </class> <!-- com.inetBanking.TestCases.TC_LoginTest_001 -->
    </test> <!-- BankingApp Test -->
  </suite> <!-- InternetBankingV1 -->
</testng-results>
